This is pdfTeX, Version 3.14159265-2.6-1.40.16 (MiKTeX 2.9) (preloaded format=pdflatex 2015.12.22)  25 FEB 2016 03:57
entering extended mode
**"E:/Program Files/GitHub/Theory-of-Computing/Course Project 1.tex"
("E:/Program Files/GitHub/Theory-of-Computing/Course Project 1.tex"
LaTeX2e <2015/10/01> patch level 2
Babel <3.9m> and hyphenation patterns for 69 languages loaded.
("E:\Program Files\MiKTeX 2.9\tex\latex\base\article.cls"
Document Class: article 2014/09/29 v1.4h Standard LaTeX document class
("E:\Program Files\MiKTeX 2.9\tex\latex\base\size12.clo"
File: size12.clo 2014/09/29 v1.4h Standard LaTeX file (size option)
)
\c@part=\count79
\c@section=\count80
\c@subsection=\count81
\c@subsubsection=\count82
\c@paragraph=\count83
\c@subparagraph=\count84
\c@figure=\count85
\c@table=\count86
\abovecaptionskip=\skip41
\belowcaptionskip=\skip42
\bibindent=\dimen102
)
("E:\Program Files\MiKTeX 2.9\tex\latex\geometry\geometry.sty"
Package: geometry 2010/09/12 v5.6 Page Geometry

("E:\Program Files\MiKTeX 2.9\tex\latex\graphics\keyval.sty"
Package: keyval 2014/10/28 v1.15 key=value parser (DPC)
\KV@toks@=\toks14
)
("E:\Program Files\MiKTeX 2.9\tex\generic\oberdiek\ifpdf.sty"
Package: ifpdf 2011/01/30 v2.3 Provides the ifpdf switch (HO)
Package ifpdf Info: pdfTeX in PDF mode is detected.
)
("E:\Program Files\MiKTeX 2.9\tex\generic\oberdiek\ifvtex.sty"
Package: ifvtex 2010/03/01 v1.5 Detect VTeX and its facilities (HO)
Package ifvtex Info: VTeX not detected.
)
("E:\Program Files\MiKTeX 2.9\tex\generic\ifxetex\ifxetex.sty"
Package: ifxetex 2010/09/12 v0.6 Provides ifxetex conditional
)
\Gm@cnth=\count87
\Gm@cntv=\count88
\c@Gm@tempcnt=\count89
\Gm@bindingoffset=\dimen103
\Gm@wd@mp=\dimen104
\Gm@odd@mp=\dimen105
\Gm@even@mp=\dimen106
\Gm@layoutwidth=\dimen107
\Gm@layoutheight=\dimen108
\Gm@layouthoffset=\dimen109
\Gm@layoutvoffset=\dimen110
\Gm@dimlist=\toks15

("E:\Program Files\MiKTeX 2.9\tex\latex\geometry\geometry.cfg"))
("E:\Program Files\MiKTeX 2.9\tex\latex\amsfonts\amssymb.sty"
Package: amssymb 2013/01/14 v3.01 AMS font symbols

("E:\Program Files\MiKTeX 2.9\tex\latex\amsfonts\amsfonts.sty"
Package: amsfonts 2013/01/14 v3.01 Basic AMSFonts support
\@emptytoks=\toks16
\symAMSa=\mathgroup4
\symAMSb=\mathgroup5
LaTeX Font Info:    Overwriting math alphabet `\mathfrak' in version `bold'
(Font)                  U/euf/m/n --> U/euf/b/n on input line 106.
))
("E:\Program Files\MiKTeX 2.9\tex\latex\amscls\amsthm.sty"
Package: amsthm 2015/03/04 v2.20.2
\thm@style=\toks17
\thm@bodyfont=\toks18
\thm@headfont=\toks19
\thm@notefont=\toks20
\thm@headpunct=\toks21
\thm@preskip=\skip43
\thm@postskip=\skip44
\thm@headsep=\skip45
\dth@everypar=\toks22
)
("E:\Program Files\MiKTeX 2.9\tex\latex\tools\multicol.sty"
Package: multicol 2015/08/19 v1.8n multicolumn formatting (FMi)
\c@tracingmulticols=\count90
\mult@box=\box26
\multicol@leftmargin=\dimen111
\c@unbalance=\count91
\c@collectmore=\count92
\doublecol@number=\count93
\multicoltolerance=\count94
\multicolpretolerance=\count95
\full@width=\dimen112
\page@free=\dimen113
\premulticols=\dimen114
\postmulticols=\dimen115
\multicolsep=\skip46
\multicolbaselineskip=\skip47
\partial@page=\box27
\last@line=\box28
\maxbalancingoverflow=\dimen116
\mult@rightbox=\box29
\mult@grightbox=\box30
\mult@gfirstbox=\box31
\mult@firstbox=\box32
\@tempa=\box33
\@tempa=\box34
\@tempa=\box35
\@tempa=\box36
\@tempa=\box37
\@tempa=\box38
\@tempa=\box39
\@tempa=\box40
\@tempa=\box41
\@tempa=\box42
\@tempa=\box43
\@tempa=\box44
\@tempa=\box45
\@tempa=\box46
\@tempa=\box47
\@tempa=\box48
\@tempa=\box49
\c@columnbadness=\count96
\c@finalcolumnbadness=\count97
\last@try=\dimen117
\multicolovershoot=\dimen118
\multicolundershoot=\dimen119
\mult@nat@firstbox=\box50
\colbreak@box=\box51
\mc@col@check@num=\count98
)
("E:\Program Files\MiKTeX 2.9\tex\latex\multirow\multirow.sty"
\bigstrutjot=\dimen120
)
("E:\Program Files\MiKTeX 2.9\tex\latex\tools\verbatim.sty"
Package: verbatim 2014/10/28 v1.5q LaTeX2e package for verbatim enhancements
\every@verbatim=\toks23
\verbatim@line=\toks24
\verbatim@in@stream=\read1
)
("C:\Users\Ben\AppData\Local\Programs\MiKTeX 2.9\tex\latex\hyphenat\hyphenat.st
y"
Package: hyphenat 2009/09/02 v2.3c hyphenation utilities
\langwohyphens=\language70
LaTeX Info: Redefining \_ on input line 43.
)
\c@theorem=\count99
 ("Course Project 1.aux")
\openout1 = `"Course Project 1.aux"'.

LaTeX Font Info:    Checking defaults for OML/cmm/m/it on input line 26.
LaTeX Font Info:    ... okay on input line 26.
LaTeX Font Info:    Checking defaults for T1/cmr/m/n on input line 26.
LaTeX Font Info:    ... okay on input line 26.
LaTeX Font Info:    Checking defaults for OT1/cmr/m/n on input line 26.
LaTeX Font Info:    ... okay on input line 26.
LaTeX Font Info:    Checking defaults for OMS/cmsy/m/n on input line 26.
LaTeX Font Info:    ... okay on input line 26.
LaTeX Font Info:    Checking defaults for OMX/cmex/m/n on input line 26.
LaTeX Font Info:    ... okay on input line 26.
LaTeX Font Info:    Checking defaults for U/cmr/m/n on input line 26.
LaTeX Font Info:    ... okay on input line 26.

*geometry* driver: auto-detecting
*geometry* detected driver: pdftex
*geometry* verbose mode - [ preamble ] result:
* driver: pdftex
* paper: <default>
* layout: <same size as paper>
* layoutoffset:(h,v)=(0.0pt,0.0pt)
* modes: 
* h-part:(L,W,R)=(36.135pt, 542.02501pt, 36.135pt)
* v-part:(T,H,B)=(36.135pt, 722.7pt, 36.135pt)
* \paperwidth=614.295pt
* \paperheight=794.96999pt
* \textwidth=542.02501pt
* \textheight=722.7pt
* \oddsidemargin=-36.135pt
* \evensidemargin=-36.135pt
* \topmargin=-73.135pt
* \headheight=12.0pt
* \headsep=25.0pt
* \topskip=12.0pt
* \footskip=30.0pt
* \marginparwidth=44.0pt
* \marginparsep=10.0pt
* \columnsep=10.0pt
* \skip\footins=10.8pt plus 4.0pt minus 2.0pt
* \hoffset=0.0pt
* \voffset=0.0pt
* \mag=1000
* \@twocolumnfalse
* \@twosidefalse
* \@mparswitchfalse
* \@reversemarginfalse
* (1in=72.27pt=25.4mm, 1cm=28.453pt)

LaTeX Font Info:    Try loading font information for U+msa on input line 27.
("E:\Program Files\MiKTeX 2.9\tex\latex\amsfonts\umsa.fd"
File: umsa.fd 2013/01/14 v3.01 AMS symbols A
)
LaTeX Font Info:    Try loading font information for U+msb on input line 27.

("E:\Program Files\MiKTeX 2.9\tex\latex\amsfonts\umsb.fd"
File: umsb.fd 2013/01/14 v3.01 AMS symbols B
)
Overfull \hbox (9.03177pt too wide) in paragraph at lines 37--38
\OT1/cmr/m/n/12 In or-der to pro-ceed with a dis-cus-sion of the Myhill-Nerode 
The-o-rem, we must first es-tab-lish some foun-da-tional
 []

LaTeX Font Info:    Try loading font information for OMS+cmr on input line 48.
("E:\Program Files\MiKTeX 2.9\tex\latex\base\omscmr.fd"
File: omscmr.fd 2014/09/29 v2.5h Standard LaTeX font definitions
)
LaTeX Font Info:    Font shape `OMS/cmr/m/n' in size <12> not available
(Font)              Font shape `OMS/cmsy/m/n' tried instead on input line 48.
 [1

{C:/Users/Ben/AppData/Local/MiKTeX/2.9/pdftex/config/pdftex.map}]
Overfull \hbox (9.25092pt too wide) in paragraph at lines 89--90
\OT1/cmr/bx/n/12 Lemma 2.3. \OT1/cmr/m/it/12 Given a reg-u-lar lan-guage $\OML/
cmm/m/it/12 L$ \OT1/cmr/m/it/12 rec-og-nized by a de-ter-min-is-tic fi-nite au-
toma-ton $\OML/cmm/m/it/12 M \OT1/cmr/m/n/12 = (\OML/cmm/m/it/12 Q; \OT1/cmr/m/
n/12 \OML/cmm/m/it/12 ; []; q[]; F\OT1/cmr/m/n/12 )$\OT1/cmr/m/it/12 ,
 []

[2]
Overfull \hbox (9.19325pt too wide) in paragraph at lines 131--132
\OT1/cmr/bx/n/12 Corollary 3.2. \OT1/cmr/m/it/12 The de-ter-min-is-tic fi-nite 
au-toma-ton de-fined in Lemma 2.4 is the unique min-i-mal de-ter-min-is-tic
 []

[3] ("Course Project 1.aux") ) 
Here is how much of TeX's memory you used:
 1388 strings out of 493634
 18526 string characters out of 3143749
 82114 words of memory out of 3000000
 4785 multiletter control sequences out of 15000+200000
 13057 words of font info for 50 fonts, out of 3000000 for 9000
 1025 hyphenation exceptions out of 8191
 25i,8n,32p,405b,212s stack positions out of 5000i,500n,10000p,200000b,50000s
<E:/Program Files/MiKTeX 2.9/fonts/type1/public/a
msfonts/cm/cmbx12.pfb><E:/Program Files/MiKTeX 2.9/fonts/type1/public/amsfonts/
cm/cmmi12.pfb><E:/Program Files/MiKTeX 2.9/fonts/type1/public/amsfonts/cm/cmmi8
.pfb><E:/Program Files/MiKTeX 2.9/fonts/type1/public/amsfonts/cm/cmr12.pfb><E:/
Program Files/MiKTeX 2.9/fonts/type1/public/amsfonts/cm/cmr8.pfb><E:/Program Fi
les/MiKTeX 2.9/fonts/type1/public/amsfonts/cm/cmsy10.pfb><E:/Program Files/MiKT
eX 2.9/fonts/type1/public/amsfonts/cm/cmsy8.pfb><E:/Program Files/MiKTeX 2.9/fo
nts/type1/public/amsfonts/cm/cmti12.pfb><E:/Program Files/MiKTeX 2.9/fonts/type
1/public/amsfonts/symbols/msam10.pfb>
Output written on "Course Project 1.pdf" (3 pages, 117371 bytes).
PDF statistics:
 48 PDF objects out of 1000 (max. 8388607)
 0 named destinations out of 1000 (max. 500000)
 1 words of extra memory for PDF output out of 10000 (max. 10000000)

